[2025-01-28T15:17:42.435+0000] {local_task_job_runner.py:123} INFO - ::group::Pre task execution logs
[2025-01-28T15:17:42.452+0000] {taskinstance.py:2613} INFO - Dependencies all met for dep_context=non-requeueable deps ti=<TaskInstance: ecommerce_pipeline.load_data manual__2025-01-28T15:17:33.607416+00:00 [queued]>
[2025-01-28T15:17:42.461+0000] {taskinstance.py:2613} INFO - Dependencies all met for dep_context=requeueable deps ti=<TaskInstance: ecommerce_pipeline.load_data manual__2025-01-28T15:17:33.607416+00:00 [queued]>
[2025-01-28T15:17:42.462+0000] {taskinstance.py:2866} INFO - Starting attempt 1 of 1
[2025-01-28T15:17:42.477+0000] {taskinstance.py:2889} INFO - Executing <Task(PythonOperator): load_data> on 2025-01-28 15:17:33.607416+00:00
[2025-01-28T15:17:42.484+0000] {warnings.py:112} WARNING - /home/***/.local/lib/python3.12/site-packages/***/task/task_runner/standard_task_runner.py:70: DeprecationWarning: This process (pid=1025) is multi-threaded, use of fork() may lead to deadlocks in the child.
  pid = os.fork()

[2025-01-28T15:17:42.486+0000] {standard_task_runner.py:72} INFO - Started process 1027 to run task
[2025-01-28T15:17:42.487+0000] {standard_task_runner.py:104} INFO - Running: ['***', 'tasks', 'run', 'ecommerce_pipeline', 'load_data', 'manual__2025-01-28T15:17:33.607416+00:00', '--job-id', '10', '--raw', '--subdir', 'DAGS_FOLDER/ecommerce_pipeline.py', '--cfg-path', '/tmp/tmp7iaaas9o']
[2025-01-28T15:17:42.488+0000] {standard_task_runner.py:105} INFO - Job 10: Subtask load_data
[2025-01-28T15:17:42.827+0000] {task_command.py:467} INFO - Running <TaskInstance: ecommerce_pipeline.load_data manual__2025-01-28T15:17:33.607416+00:00 [running]> on host d2fe665b156c
[2025-01-28T15:17:42.909+0000] {taskinstance.py:3132} INFO - Exporting env vars: AIRFLOW_CTX_DAG_OWNER='***' AIRFLOW_CTX_DAG_ID='ecommerce_pipeline' AIRFLOW_CTX_TASK_ID='load_data' AIRFLOW_CTX_EXECUTION_DATE='2025-01-28T15:17:33.607416+00:00' AIRFLOW_CTX_TRY_NUMBER='1' AIRFLOW_CTX_DAG_RUN_ID='manual__2025-01-28T15:17:33.607416+00:00'
[2025-01-28T15:17:42.910+0000] {logging_mixin.py:190} INFO - Task instance is in running state
[2025-01-28T15:17:42.911+0000] {logging_mixin.py:190} INFO -  Previous state of the Task instance: queued
[2025-01-28T15:17:42.911+0000] {logging_mixin.py:190} INFO - Current task name:load_data state:running start_date:2025-01-28 15:17:42.453238+00:00
[2025-01-28T15:17:42.912+0000] {logging_mixin.py:190} INFO - Dag name:ecommerce_pipeline and current dag run status:running
[2025-01-28T15:17:42.913+0000] {taskinstance.py:731} INFO - ::endgroup::
[2025-01-28T15:17:44.333+0000] {logging_mixin.py:190} INFO - Archivo cargado exitosamente a s3://bucket-project-etl/data/total_sales_by_category.csv
[2025-01-28T15:17:44.335+0000] {python.py:240} INFO - Done. Returned value was: None
[2025-01-28T15:17:44.346+0000] {taskinstance.py:340} INFO - ::group::Post task execution logs
[2025-01-28T15:17:44.347+0000] {taskinstance.py:352} INFO - Marking task as SUCCESS. dag_id=ecommerce_pipeline, task_id=load_data, run_id=manual__2025-01-28T15:17:33.607416+00:00, execution_date=20250128T151733, start_date=20250128T151742, end_date=20250128T151744
[2025-01-28T15:17:44.362+0000] {logging_mixin.py:190} INFO - Task instance in success state
[2025-01-28T15:17:44.363+0000] {logging_mixin.py:190} INFO -  Previous state of the Task instance: running
[2025-01-28T15:17:44.364+0000] {logging_mixin.py:190} INFO - Dag name:ecommerce_pipeline queued_at:2025-01-28 15:17:33.638321+00:00
[2025-01-28T15:17:44.365+0000] {logging_mixin.py:190} INFO - Task hostname:d2fe665b156c operator:PythonOperator
[2025-01-28T15:17:44.390+0000] {local_task_job_runner.py:266} INFO - Task exited with return code 0
[2025-01-28T15:17:44.593+0000] {taskinstance.py:3895} INFO - 0 downstream tasks scheduled from follow-on schedule check
[2025-01-28T15:17:44.596+0000] {local_task_job_runner.py:245} INFO - ::endgroup::
