[2025-01-28T16:12:44.255+0000] {local_task_job_runner.py:123} INFO - ::group::Pre task execution logs
[2025-01-28T16:12:44.272+0000] {taskinstance.py:2613} INFO - Dependencies all met for dep_context=non-requeueable deps ti=<TaskInstance: ecommerce_pipeline.load_data manual__2025-01-28T16:12:35.683136+00:00 [queued]>
[2025-01-28T16:12:44.280+0000] {taskinstance.py:2613} INFO - Dependencies all met for dep_context=requeueable deps ti=<TaskInstance: ecommerce_pipeline.load_data manual__2025-01-28T16:12:35.683136+00:00 [queued]>
[2025-01-28T16:12:44.281+0000] {taskinstance.py:2866} INFO - Starting attempt 1 of 1
[2025-01-28T16:12:44.417+0000] {taskinstance.py:2889} INFO - Executing <Task(PythonOperator): load_data> on 2025-01-28 16:12:35.683136+00:00
[2025-01-28T16:12:44.424+0000] {warnings.py:112} WARNING - /home/***/.local/lib/python3.12/site-packages/***/task/task_runner/standard_task_runner.py:70: DeprecationWarning: This process (pid=1748) is multi-threaded, use of fork() may lead to deadlocks in the child.
  pid = os.fork()

[2025-01-28T16:12:44.426+0000] {standard_task_runner.py:72} INFO - Started process 1750 to run task
[2025-01-28T16:12:44.426+0000] {standard_task_runner.py:104} INFO - Running: ['***', 'tasks', 'run', 'ecommerce_pipeline', 'load_data', 'manual__2025-01-28T16:12:35.683136+00:00', '--job-id', '13', '--raw', '--subdir', 'DAGS_FOLDER/ecommerce_pipeline.py', '--cfg-path', '/tmp/tmpatex3irn']
[2025-01-28T16:12:44.428+0000] {standard_task_runner.py:105} INFO - Job 13: Subtask load_data
[2025-01-28T16:12:44.482+0000] {task_command.py:467} INFO - Running <TaskInstance: ecommerce_pipeline.load_data manual__2025-01-28T16:12:35.683136+00:00 [running]> on host d2fe665b156c
[2025-01-28T16:12:44.570+0000] {taskinstance.py:3132} INFO - Exporting env vars: AIRFLOW_CTX_DAG_OWNER='***' AIRFLOW_CTX_DAG_ID='ecommerce_pipeline' AIRFLOW_CTX_TASK_ID='load_data' AIRFLOW_CTX_EXECUTION_DATE='2025-01-28T16:12:35.683136+00:00' AIRFLOW_CTX_TRY_NUMBER='1' AIRFLOW_CTX_DAG_RUN_ID='manual__2025-01-28T16:12:35.683136+00:00'
[2025-01-28T16:12:44.572+0000] {logging_mixin.py:190} INFO - Task instance is in running state
[2025-01-28T16:12:44.572+0000] {logging_mixin.py:190} INFO -  Previous state of the Task instance: queued
[2025-01-28T16:12:44.573+0000] {logging_mixin.py:190} INFO - Current task name:load_data state:running start_date:2025-01-28 16:12:44.273079+00:00
[2025-01-28T16:12:44.573+0000] {logging_mixin.py:190} INFO - Dag name:ecommerce_pipeline and current dag run status:running
[2025-01-28T16:12:44.574+0000] {taskinstance.py:731} INFO - ::endgroup::
[2025-01-28T16:12:45.966+0000] {logging_mixin.py:190} INFO - File successfully uploaded to s3://bucket-project-etl/data/total_sales_by_category.csv
[2025-01-28T16:12:45.968+0000] {python.py:240} INFO - Done. Returned value was: None
[2025-01-28T16:12:45.980+0000] {taskinstance.py:340} INFO - ::group::Post task execution logs
[2025-01-28T16:12:45.980+0000] {taskinstance.py:352} INFO - Marking task as SUCCESS. dag_id=ecommerce_pipeline, task_id=load_data, run_id=manual__2025-01-28T16:12:35.683136+00:00, execution_date=20250128T161235, start_date=20250128T161244, end_date=20250128T161245
[2025-01-28T16:12:45.994+0000] {logging_mixin.py:190} INFO - Task instance in success state
[2025-01-28T16:12:45.995+0000] {logging_mixin.py:190} INFO -  Previous state of the Task instance: running
[2025-01-28T16:12:45.995+0000] {logging_mixin.py:190} INFO - Dag name:ecommerce_pipeline queued_at:2025-01-28 16:12:35.709900+00:00
[2025-01-28T16:12:45.996+0000] {logging_mixin.py:190} INFO - Task hostname:d2fe665b156c operator:PythonOperator
[2025-01-28T16:12:46.048+0000] {local_task_job_runner.py:266} INFO - Task exited with return code 0
[2025-01-28T16:12:46.065+0000] {taskinstance.py:3895} INFO - 0 downstream tasks scheduled from follow-on schedule check
[2025-01-28T16:12:46.068+0000] {local_task_job_runner.py:245} INFO - ::endgroup::
