[2025-01-28T15:17:36.406+0000] {local_task_job_runner.py:123} INFO - ::group::Pre task execution logs
[2025-01-28T15:17:36.425+0000] {taskinstance.py:2613} INFO - Dependencies all met for dep_context=non-requeueable deps ti=<TaskInstance: ecommerce_pipeline.extract_data manual__2025-01-28T15:17:33.607416+00:00 [queued]>
[2025-01-28T15:17:36.434+0000] {taskinstance.py:2613} INFO - Dependencies all met for dep_context=requeueable deps ti=<TaskInstance: ecommerce_pipeline.extract_data manual__2025-01-28T15:17:33.607416+00:00 [queued]>
[2025-01-28T15:17:36.436+0000] {taskinstance.py:2866} INFO - Starting attempt 1 of 1
[2025-01-28T15:17:36.451+0000] {taskinstance.py:2889} INFO - Executing <Task(PythonOperator): extract_data> on 2025-01-28 15:17:33.607416+00:00
[2025-01-28T15:17:36.459+0000] {warnings.py:112} WARNING - /home/***/.local/lib/python3.12/site-packages/***/task/task_runner/standard_task_runner.py:70: DeprecationWarning: This process (pid=1017) is multi-threaded, use of fork() may lead to deadlocks in the child.
  pid = os.fork()

[2025-01-28T15:17:36.460+0000] {standard_task_runner.py:72} INFO - Started process 1019 to run task
[2025-01-28T15:17:36.461+0000] {standard_task_runner.py:104} INFO - Running: ['***', 'tasks', 'run', 'ecommerce_pipeline', 'extract_data', 'manual__2025-01-28T15:17:33.607416+00:00', '--job-id', '8', '--raw', '--subdir', 'DAGS_FOLDER/ecommerce_pipeline.py', '--cfg-path', '/tmp/tmp0ecwo82h']
[2025-01-28T15:17:36.462+0000] {standard_task_runner.py:105} INFO - Job 8: Subtask extract_data
[2025-01-28T15:17:36.778+0000] {task_command.py:467} INFO - Running <TaskInstance: ecommerce_pipeline.extract_data manual__2025-01-28T15:17:33.607416+00:00 [running]> on host d2fe665b156c
[2025-01-28T15:17:36.895+0000] {taskinstance.py:3132} INFO - Exporting env vars: AIRFLOW_CTX_DAG_OWNER='***' AIRFLOW_CTX_DAG_ID='ecommerce_pipeline' AIRFLOW_CTX_TASK_ID='extract_data' AIRFLOW_CTX_EXECUTION_DATE='2025-01-28T15:17:33.607416+00:00' AIRFLOW_CTX_TRY_NUMBER='1' AIRFLOW_CTX_DAG_RUN_ID='manual__2025-01-28T15:17:33.607416+00:00'
[2025-01-28T15:17:36.897+0000] {logging_mixin.py:190} INFO - Task instance is in running state
[2025-01-28T15:17:36.898+0000] {logging_mixin.py:190} INFO -  Previous state of the Task instance: queued
[2025-01-28T15:17:36.899+0000] {logging_mixin.py:190} INFO - Current task name:extract_data state:running start_date:2025-01-28 15:17:36.426434+00:00
[2025-01-28T15:17:36.899+0000] {logging_mixin.py:190} INFO - Dag name:ecommerce_pipeline and current dag run status:running
[2025-01-28T15:17:36.900+0000] {taskinstance.py:731} INFO - ::endgroup::
[2025-01-28T15:17:37.055+0000] {python.py:240} INFO - Done. Returned value was: None
[2025-01-28T15:17:37.068+0000] {taskinstance.py:340} INFO - ::group::Post task execution logs
[2025-01-28T15:17:37.069+0000] {taskinstance.py:352} INFO - Marking task as SUCCESS. dag_id=ecommerce_pipeline, task_id=extract_data, run_id=manual__2025-01-28T15:17:33.607416+00:00, execution_date=20250128T151733, start_date=20250128T151736, end_date=20250128T151737
[2025-01-28T15:17:37.082+0000] {logging_mixin.py:190} INFO - Task instance in success state
[2025-01-28T15:17:37.083+0000] {logging_mixin.py:190} INFO -  Previous state of the Task instance: running
[2025-01-28T15:17:37.083+0000] {logging_mixin.py:190} INFO - Dag name:ecommerce_pipeline queued_at:2025-01-28 15:17:33.638321+00:00
[2025-01-28T15:17:37.084+0000] {logging_mixin.py:190} INFO - Task hostname:d2fe665b156c operator:PythonOperator
[2025-01-28T15:17:37.118+0000] {local_task_job_runner.py:266} INFO - Task exited with return code 0
[2025-01-28T15:17:37.300+0000] {taskinstance.py:3895} INFO - 1 downstream tasks scheduled from follow-on schedule check
[2025-01-28T15:17:37.303+0000] {local_task_job_runner.py:245} INFO - ::endgroup::
