[2025-01-28T16:12:41.608+0000] {local_task_job_runner.py:123} INFO - ::group::Pre task execution logs
[2025-01-28T16:12:41.625+0000] {taskinstance.py:2613} INFO - Dependencies all met for dep_context=non-requeueable deps ti=<TaskInstance: ecommerce_pipeline.transform_data manual__2025-01-28T16:12:35.683136+00:00 [queued]>
[2025-01-28T16:12:41.633+0000] {taskinstance.py:2613} INFO - Dependencies all met for dep_context=requeueable deps ti=<TaskInstance: ecommerce_pipeline.transform_data manual__2025-01-28T16:12:35.683136+00:00 [queued]>
[2025-01-28T16:12:41.634+0000] {taskinstance.py:2866} INFO - Starting attempt 1 of 1
[2025-01-28T16:12:41.770+0000] {taskinstance.py:2889} INFO - Executing <Task(PythonOperator): transform_data> on 2025-01-28 16:12:35.683136+00:00
[2025-01-28T16:12:41.777+0000] {warnings.py:112} WARNING - /home/***/.local/lib/python3.12/site-packages/***/task/task_runner/standard_task_runner.py:70: DeprecationWarning: This process (pid=1744) is multi-threaded, use of fork() may lead to deadlocks in the child.
  pid = os.fork()

[2025-01-28T16:12:41.780+0000] {standard_task_runner.py:72} INFO - Started process 1746 to run task
[2025-01-28T16:12:41.780+0000] {standard_task_runner.py:104} INFO - Running: ['***', 'tasks', 'run', 'ecommerce_pipeline', 'transform_data', 'manual__2025-01-28T16:12:35.683136+00:00', '--job-id', '12', '--raw', '--subdir', 'DAGS_FOLDER/ecommerce_pipeline.py', '--cfg-path', '/tmp/tmpdfjz7t9a']
[2025-01-28T16:12:41.782+0000] {standard_task_runner.py:105} INFO - Job 12: Subtask transform_data
[2025-01-28T16:12:41.839+0000] {task_command.py:467} INFO - Running <TaskInstance: ecommerce_pipeline.transform_data manual__2025-01-28T16:12:35.683136+00:00 [running]> on host d2fe665b156c
[2025-01-28T16:12:41.936+0000] {taskinstance.py:3132} INFO - Exporting env vars: AIRFLOW_CTX_DAG_OWNER='***' AIRFLOW_CTX_DAG_ID='ecommerce_pipeline' AIRFLOW_CTX_TASK_ID='transform_data' AIRFLOW_CTX_EXECUTION_DATE='2025-01-28T16:12:35.683136+00:00' AIRFLOW_CTX_TRY_NUMBER='1' AIRFLOW_CTX_DAG_RUN_ID='manual__2025-01-28T16:12:35.683136+00:00'
[2025-01-28T16:12:41.938+0000] {logging_mixin.py:190} INFO - Task instance is in running state
[2025-01-28T16:12:41.938+0000] {logging_mixin.py:190} INFO -  Previous state of the Task instance: queued
[2025-01-28T16:12:41.939+0000] {logging_mixin.py:190} INFO - Current task name:transform_data state:running start_date:2025-01-28 16:12:41.626386+00:00
[2025-01-28T16:12:41.939+0000] {logging_mixin.py:190} INFO - Dag name:ecommerce_pipeline and current dag run status:running
[2025-01-28T16:12:41.940+0000] {taskinstance.py:731} INFO - ::endgroup::
[2025-01-28T16:12:41.965+0000] {python.py:240} INFO - Done. Returned value was: None
[2025-01-28T16:12:41.975+0000] {taskinstance.py:340} INFO - ::group::Post task execution logs
[2025-01-28T16:12:41.976+0000] {taskinstance.py:352} INFO - Marking task as SUCCESS. dag_id=ecommerce_pipeline, task_id=transform_data, run_id=manual__2025-01-28T16:12:35.683136+00:00, execution_date=20250128T161235, start_date=20250128T161241, end_date=20250128T161241
[2025-01-28T16:12:41.985+0000] {logging_mixin.py:190} INFO - Task instance in success state
[2025-01-28T16:12:41.986+0000] {logging_mixin.py:190} INFO -  Previous state of the Task instance: running
[2025-01-28T16:12:41.987+0000] {logging_mixin.py:190} INFO - Dag name:ecommerce_pipeline queued_at:2025-01-28 16:12:35.709900+00:00
[2025-01-28T16:12:41.987+0000] {logging_mixin.py:190} INFO - Task hostname:d2fe665b156c operator:PythonOperator
[2025-01-28T16:12:41.997+0000] {local_task_job_runner.py:266} INFO - Task exited with return code 0
[2025-01-28T16:12:42.022+0000] {taskinstance.py:3895} INFO - 1 downstream tasks scheduled from follow-on schedule check
[2025-01-28T16:12:42.024+0000] {local_task_job_runner.py:245} INFO - ::endgroup::
